<?xml version="1.0" encoding="UTF-8"?>
<testsuite xmlns:xsi="http://www.w3.org/2001/XMLSchema-instance" xsi:noNamespaceSchemaLocation="https://maven.apache.org/surefire/maven-surefire-plugin/xsd/surefire-test-report-3.0.xsd" version="3.0" name="com.sample.junitsample.greeting.PersonTest" time="0.374" tests="16" errors="0" skipped="2" failures="0">
  <properties>
[...]
</properties>
  <testcase name="groupedAssertions" classname="com.sample.junitsample.greeting.PersonTest" time="0">
    <skipped message="void com.sample.junitsample.greeting.PersonTest.groupedAssertions() is @Disabled"/>
  </testcase>
  <testcase name="parameterCsvTest(String, int, float)[1]" classname="com.sample.junitsample.greeting.PersonTest" time="0.098">
    <system-out><![CDATA[Ram = 31 : 90000.0
]]></system-out>
  </testcase>
  <testcase name="parameterCsvTest(String, int, float)[2]" classname="com.sample.junitsample.greeting.PersonTest" time="0.003">
    <system-out><![CDATA[Shyam = 34 : 125000.0
]]></system-out>
  </testcase>
  <testcase name="parameterTest(String)[1]" classname="com.sample.junitsample.greeting.PersonTest" time="0.002">
    <system-out><![CDATA[Ram
]]></system-out>
  </testcase>
  <testcase name="parameterTest(String)[2]" classname="com.sample.junitsample.greeting.PersonTest" time="0.004">
    <system-out><![CDATA[Rama
]]></system-out>
  </testcase>
  <testcase name="parameterTest(String)[3]" classname="com.sample.junitsample.greeting.PersonTest" time="0.001">
    <system-out><![CDATA[Shyam
]]></system-out>
  </testcase>
  <testcase name="nestedAssertions" classname="com.sample.junitsample.greeting.PersonTest" time="0">
    <skipped message="void com.sample.junitsample.greeting.PersonTest.nestedAssertions() is @Disabled"/>
  </testcase>
  <testcase name="repeatTest" classname="com.sample.junitsample.greeting.PersonTest" time="0.001"/>
  <testcase name="repeatTest" classname="com.sample.junitsample.greeting.PersonTest" time="0.003"/>
  <testcase name="repeatTest" classname="com.sample.junitsample.greeting.PersonTest" time="0.001"/>
  <testcase name="repeatTest" classname="com.sample.junitsample.greeting.PersonTest" time="0.004"/>
  <testcase name="repeatTest" classname="com.sample.junitsample.greeting.PersonTest" time="0.001"/>
  <testcase name="parameterEnumTest(PersonEnum)[1]" classname="com.sample.junitsample.greeting.PersonTest" time="0.002">
    <system-out><![CDATA[RURAL
]]></system-out>
  </testcase>
  <testcase name="parameterEnumTest(PersonEnum)[2]" classname="com.sample.junitsample.greeting.PersonTest" time="0.001">
    <system-out><![CDATA[URBAN
]]></system-out>
  </testcase>
  <testcase name="parameterCsvFromFileTest(String, int, int)[1]" classname="com.sample.junitsample.greeting.PersonTest" time="0.014">
    <system-out><![CDATA[Rama = 31 : 100000
]]></system-out>
  </testcase>
  <testcase name="parameterCsvFromFileTest(String, int, int)[2]" classname="com.sample.junitsample.greeting.PersonTest" time="0.002">
    <system-out><![CDATA[Shyama = 34 : 125000
]]></system-out>
  </testcase>
</testsuite>